Copyright 1986-2018 Xilinx, Inc. All Rights Reserved.
--------------------------------------------------------------------------------------
| Tool Version : Vivado v.2018.2 (win64) Build 2258646 Thu Jun 14 20:03:12 MDT 2018
| Date         : Fri Jul 29 17:58:40 2022
| Host         : DESKTOP-GC7GFDQ running 64-bit major release  (build 9200)
| Command      : report_control_sets -verbose -file PROCESSOR_control_sets_placed.rpt
| Design       : PROCESSOR
| Device       : xc7a35t
--------------------------------------------------------------------------------------

Control Set Information

Table of Contents
-----------------
1. Summary
2. Histogram
3. Flip-Flop Distribution
4. Detailed Control Set Information

1. Summary
----------

+----------------------------------------------------------+-------+
|                          Status                          | Count |
+----------------------------------------------------------+-------+
| Number of unique control sets                            |    12 |
| Unused register locations in slices containing registers |    28 |
+----------------------------------------------------------+-------+


2. Histogram
------------

+--------+--------------+
| Fanout | Control Sets |
+--------+--------------+
|      2 |            1 |
|      4 |            3 |
|      6 |            4 |
|      8 |            3 |
|    16+ |            1 |
+--------+--------------+


3. Flip-Flop Distribution
-------------------------

+--------------+-----------------------+------------------------+-----------------+--------------+
| Clock Enable | Synchronous Set/Reset | Asynchronous Set/Reset | Total Registers | Total Slices |
+--------------+-----------------------+------------------------+-----------------+--------------+
| No           | No                    | No                     |              38 |           10 |
| No           | No                    | Yes                    |               0 |            0 |
| No           | Yes                   | No                     |              62 |            8 |
| Yes          | No                    | No                     |               0 |            0 |
| Yes          | No                    | Yes                    |               0 |            0 |
| Yes          | Yes                   | No                     |              24 |            4 |
+--------------+-----------------------+------------------------+-----------------+--------------+


4. Detailed Control Set Information
-----------------------------------

+--------------------------------------+----------------------------------+------------------------------+------------------+----------------+
|             Clock Signal             |           Enable Signal          |       Set/Reset Signal       | Slice Load Count | Bel Load Count |
+--------------------------------------+----------------------------------+------------------------------+------------------+----------------+
|  Program_Counter_0/D_FF0/ZeroF       |                                  |                              |                1 |              2 |
|  Program_Counter_0/D_FF0/Q_reg[1][0] |                                  |                              |                1 |              4 |
|  Program_Counter_0/D_FF1/Q_reg[3][0] |                                  |                              |                1 |              4 |
|  Program_Counter_0/D_FF2/Q_reg[2]    |                                  |                              |                1 |              4 |
|  Program_Counter_0/D_FF1/E[0]        |                                  |                              |                1 |              6 |
|  Register_bank_0/Reg_1/Q_reg[0]      |                                  |                              |                2 |              6 |
|  Slow_Clk_0/Clk                      |                                  |                              |                1 |              6 |
|  CLK_IBUF_BUFG                       |                                  |                              |                2 |              6 |
|  Slow_Clk_0/Clk                      | Instruction_Decoder_0/Q_reg[0]   | Reset_IBUF                   |                1 |              8 |
|  Slow_Clk_0/Clk                      | Instruction_Decoder_0/Q_reg[0]_0 | Reset_IBUF                   |                1 |              8 |
|  Slow_Clk_0/Clk                      | Instruction_Decoder_0/Q_reg[0]_1 | Reset_IBUF                   |                2 |              8 |
|  CLK_IBUF_BUFG                       |                                  | Slow_Clk_0/count[31]_i_1_n_0 |                8 |             62 |
+--------------------------------------+----------------------------------+------------------------------+------------------+----------------+


